2025-05-25 07:37:14,897 [INFO] Activator:176 - 


2025-05-25 07:37:14,908 [INFO] Activator:177 - !SESSION log4j initialized
2025-05-25 07:37:25,808 [INFO] LogOutputStream:77 - [STDOUT_REDIRECT] 
2025-05-25 07:37:28,401 [INFO] ApplicationProperties:184 - Using Application install path: C:\ST\STM32CubeIDE_1.18.1\STM32CubeIDE\plugins\com.st.stm32cube.common.mx_6.14.1.202504091515
2025-05-25 07:37:28,439 [INFO] DbMcusXml:78 - Set database path to: C:\ST\STM32CubeIDE_1.18.1\STM32CubeIDE\plugins\com.st.stm32cube.common.mx_6.14.1.202504091515\\db\/mcu/
2025-05-25 07:37:28,440 [INFO] ApiDb:274 - Set plugin database path to: C:\ST\STM32CubeIDE_1.18.1\STM32CubeIDE\plugins\com.st.stm32cube.common.mx_6.14.1.202504091515\\db\/plugins/boardmanager/
2025-05-25 07:37:28,440 [WARN] ApiDb:259 - Overriding images path with different value:  => C:\ST\STM32CubeIDE_1.18.1\STM32CubeIDE\plugins\com.st.stm32cube.common.mx_6.14.1.202504091515\\db\/plugins/mcufinder/images/
2025-05-25 07:37:28,455 [INFO] ApiDb:250 - Set database path to: C:\Users\Educacion\.stmcufinder\plugins\mcufinder//mcu/
2025-05-25 07:37:28,457 [INFO] DbMcusAds:125 - Set database path to: C:\Users\Educacion\.stmcufinder\plugins\mcufinder//mcu/
2025-05-25 07:37:28,459 [INFO] CrossReferenceDbSqlite:203 - Set database path to: C:\Users\Educacion\.stmcufinder\plugins\mcufinder//mcu/cs/
2025-05-25 07:37:28,727 [INFO] RulesReader:64 - Compatibility file has been processed (302 Rules)
2025-05-25 07:37:29,109 [INFO] DbMcusXml:78 - Set database path to: C:\ST\STM32CubeIDE_1.18.1\STM32CubeIDE\plugins\com.st.stm32cube.common.mx_6.14.1.202504091515\\db\/mcu/
2025-05-25 07:37:29,110 [INFO] ApiDb:274 - Set plugin database path to: C:\ST\STM32CubeIDE_1.18.1\STM32CubeIDE\plugins\com.st.stm32cube.common.mx_6.14.1.202504091515\\db\/plugins/boardmanager/
2025-05-25 07:37:29,110 [INFO] ApiDb:261 - Set plugin images path to: C:\ST\STM32CubeIDE_1.18.1\STM32CubeIDE\plugins\com.st.stm32cube.common.mx_6.14.1.202504091515\\db\/plugins/mcufinder/images/
2025-05-25 07:37:29,110 [WARN] DbFile:41 - Overriding database path with different value: C:\Users\Educacion\.stmcufinder\plugins\mcufinder/ => C:\Users\Educacion\.stmcufinder\plugins\mcufinder
2025-05-25 07:37:29,110 [INFO] ApiDb:250 - Set database path to: C:\Users\Educacion\.stmcufinder\plugins\mcufinder//mcu/
2025-05-25 07:37:29,110 [WARN] DbFile:41 - Overriding database path with different value: C:\Users\Educacion\.stmcufinder\plugins\mcufinder/ => C:\Users\Educacion\.stmcufinder\plugins\mcufinder
2025-05-25 07:37:29,110 [INFO] DbMcusAds:125 - Set database path to: C:\Users\Educacion\.stmcufinder\plugins\mcufinder//mcu/
2025-05-25 07:37:29,110 [WARN] DbFile:41 - Overriding database path with different value: C:\Users\Educacion\.stmcufinder\plugins\mcufinder/ => C:\Users\Educacion\.stmcufinder\plugins\mcufinder
2025-05-25 07:37:29,110 [WARN] DbFile:41 - Overriding database path with different value: C:\Users\Educacion\.stmcufinder\plugins\mcufinder/ => C:\Users\Educacion\.stmcufinder\plugins\mcufinder
2025-05-25 07:37:29,110 [INFO] CrossReferenceDbSqlite:203 - Set database path to: C:\Users\Educacion\.stmcufinder\plugins\mcufinder//mcu/cs/
2025-05-25 07:37:29,248 [INFO] MainPanel:272 - HeapMemory: 268435456
2025-05-25 07:37:29,561 [INFO] DbMcusXml:78 - Set database path to: C:\ST\STM32CubeIDE_1.18.1\STM32CubeIDE\plugins\com.st.stm32cube.common.mx_6.14.1.202504091515\\db\/mcu/
2025-05-25 07:37:29,561 [INFO] ApiDb:274 - Set plugin database path to: C:\ST\STM32CubeIDE_1.18.1\STM32CubeIDE\plugins\com.st.stm32cube.common.mx_6.14.1.202504091515\\db\/plugins/boardmanager/
2025-05-25 07:37:29,562 [INFO] ApiDb:261 - Set plugin images path to: C:\ST\STM32CubeIDE_1.18.1\STM32CubeIDE\plugins\com.st.stm32cube.common.mx_6.14.1.202504091515\\db\/plugins/mcufinder/images/
2025-05-25 07:37:29,564 [WARN] DbFile:41 - Overriding database path with different value: C:\Users\Educacion\.stmcufinder\plugins\mcufinder/ => C:\Users\Educacion\.stmcufinder\plugins\mcufinder
2025-05-25 07:37:29,565 [INFO] ApiDb:250 - Set database path to: C:\Users\Educacion\.stmcufinder\plugins\mcufinder//mcu/
2025-05-25 07:37:29,565 [WARN] DbFile:41 - Overriding database path with different value: C:\Users\Educacion\.stmcufinder\plugins\mcufinder/ => C:\Users\Educacion\.stmcufinder\plugins\mcufinder
2025-05-25 07:37:29,566 [INFO] DbMcusAds:125 - Set database path to: C:\Users\Educacion\.stmcufinder\plugins\mcufinder//mcu/
2025-05-25 07:37:29,569 [WARN] DbFile:41 - Overriding database path with different value: C:\Users\Educacion\.stmcufinder\plugins\mcufinder/ => C:\Users\Educacion\.stmcufinder\plugins\mcufinder
2025-05-25 07:37:29,569 [WARN] DbFile:41 - Overriding database path with different value: C:\Users\Educacion\.stmcufinder\plugins\mcufinder/ => C:\Users\Educacion\.stmcufinder\plugins\mcufinder
2025-05-25 07:37:29,570 [INFO] CrossReferenceDbSqlite:203 - Set database path to: C:\Users\Educacion\.stmcufinder\plugins\mcufinder//mcu/cs/
2025-05-25 07:37:29,604 [INFO] ApplicationProperties:184 - Using Application install path: C:\ST\STM32CubeIDE_1.18.1\STM32CubeIDE\plugins\com.st.stm32cube.common.mx_6.14.1.202504091515
2025-05-25 07:37:29,607 [INFO] PluginManage:196 - Search for loadable plugins [exclusion list=, ]
2025-05-25 07:37:29,610 [INFO] PluginManage:310 - Check plugin analytics
2025-05-25 07:37:29,942 [INFO] AnalyticsPlugin:253 - Accepted Software Licenses: 
2025-05-25 07:37:29,942 [INFO] AnalyticsPlugin:255 - Accepted CMSIS Pack Licenses: 
2025-05-25 07:37:29,943 [INFO] AnalyticsPlugin:257 - Accepted Firmware Licenses: FW.F4.1.28.0
2025-05-25 07:37:29,946 [INFO] PluginManage:359 - Loaded plugin analytics (category:tool,tabindex:-1)
2025-05-25 07:37:29,946 [INFO] PluginManage:310 - Check plugin cadmodel
2025-05-25 07:37:29,957 [INFO] CADModel:105 - Init CAD model plugin
2025-05-25 07:37:29,958 [INFO] PluginManage:359 - Loaded plugin cadmodel (category:power,tabindex:5)
2025-05-25 07:37:29,959 [INFO] PluginManage:310 - Check plugin clock
2025-05-25 07:37:29,983 [INFO] PluginManage:359 - Loaded plugin clock (category:base,tabindex:2)
2025-05-25 07:37:29,983 [INFO] PluginManage:310 - Check plugin ddr
2025-05-25 07:37:29,989 [INFO] PluginManage:359 - Loaded plugin ddr (category:tool,tabindex:6)
2025-05-25 07:37:29,989 [INFO] PluginManage:310 - Check plugin filemanager
2025-05-25 07:37:30,278 [INFO] PluginManage:359 - Loaded plugin filemanager (category:base,tabindex:10)
2025-05-25 07:37:30,278 [INFO] PluginManage:310 - Check plugin ipmanager
2025-05-25 07:37:30,295 [INFO] PluginManage:359 - Loaded plugin ipmanager (category:base,tabindex:5)
2025-05-25 07:37:30,295 [INFO] PluginManage:310 - Check plugin lpbam
2025-05-25 07:37:30,316 [INFO] PluginManage:359 - Loaded plugin lpbam (category:base,tabindex:0)
2025-05-25 07:37:30,316 [INFO] PluginManage:310 - Check plugin memorymap
2025-05-25 07:37:30,357 [INFO] PluginManage:359 - Loaded plugin memorymap (category:base,tabindex:4)
2025-05-25 07:37:30,358 [INFO] PluginManage:310 - Check plugin pinoutandconfiguration
2025-05-25 07:37:30,389 [INFO] PluginManage:359 - Loaded plugin pinoutandconfiguration (category:base,tabindex:1)
2025-05-25 07:37:30,389 [INFO] PluginManage:310 - Check plugin pinoutconfig
2025-05-25 07:37:30,762 [WARN] SupportedApi:132 - Cannot load RTOS API schema: s4s-elt-must-match.1: The content of 'definitions' must match (annotation?, (simpleType | complexType)?, (unique | key | keyref)*)). A problem was found starting at: attribute.
2025-05-25 07:37:31,172 [INFO] PluginManage:359 - Loaded plugin pinoutconfig (category:base,tabindex:0)
2025-05-25 07:37:31,173 [INFO] PluginManage:310 - Check plugin power
2025-05-25 07:37:31,196 [INFO] PluginManage:359 - Loaded plugin power (category:power,tabindex:4)
2025-05-25 07:37:31,196 [INFO] PluginManage:310 - Check plugin projectmanager
2025-05-25 07:37:31,222 [INFO] PluginManage:359 - Loaded plugin projectmanager (category:projectmanager,tabindex:4)
2025-05-25 07:37:31,222 [INFO] PluginManage:310 - Check plugin rif
2025-05-25 07:37:31,244 [INFO] PluginManage:359 - Loaded plugin rif (category:base,tabindex:3)
2025-05-25 07:37:31,245 [INFO] PluginManage:310 - Check plugin thirdparty
2025-05-25 07:37:31,615 [INFO] PluginManage:359 - Loaded plugin thirdparty (category:base,tabindex:-1)
2025-05-25 07:37:31,615 [WARN] IntegrityCheckThread:84 - waiting for thirdparty lock release [integrity check]
2025-05-25 07:37:31,615 [INFO] PluginManage:310 - Check plugin tools
2025-05-25 07:37:31,615 [INFO] IntegrityCheckThread:86 - entering critical section [integrity check]
2025-05-25 07:37:31,616 [INFO] ThirdPartyUpdaterWithRetryManager:70 - Updater plugin not ready yet. [1/15]
2025-05-25 07:37:31,620 [INFO] PluginManage:359 - Loaded plugin tools (category:base,tabindex:7)
2025-05-25 07:37:31,621 [INFO] PluginManage:310 - Check plugin tutovideos
2025-05-25 07:37:32,021 [INFO] PluginManage:359 - Loaded plugin tutovideos (category:base,tabindex:-1)
2025-05-25 07:37:32,022 [INFO] PluginManage:310 - Check plugin updater
2025-05-25 07:37:32,061 [INFO] PluginManage:359 - Loaded plugin updater (category:base,tabindex:12)
2025-05-25 07:37:32,061 [INFO] PluginManage:310 - Check plugin userauth
2025-05-25 07:37:32,069 [INFO] UserAuth:118 - Init User Auth plugin
2025-05-25 07:37:32,072 [INFO] PluginManage:359 - Loaded plugin userauth (category:base,tabindex:14)
2025-05-25 07:37:32,077 [INFO] PluginManage:283 - PluginManage : Loaded plugins [18]
2025-05-25 07:37:32,645 [INFO] PinOutPanel:1589 - setPackage(No Configuration,No Configuration)
2025-05-25 07:37:32,860 [INFO] CADModel:165 - CPN selected for project level
2025-05-25 07:37:32,860 [INFO] CADModel:114 - Register for checkConnection events
2025-05-25 07:37:32,919 [INFO] IPUIPlugin:80 - create IPUIPlugin
2025-05-25 07:37:32,919 [INFO] PluginManager:220 - loadIPPluginJar : add adc
2025-05-25 07:37:32,924 [INFO] IPUIPlugin:80 - create IPUIPlugin
2025-05-25 07:37:32,924 [INFO] PluginManager:220 - loadIPPluginJar : add aes
2025-05-25 07:37:32,935 [INFO] IPUIPlugin:80 - create IPUIPlugin
2025-05-25 07:37:32,935 [INFO] PluginManager:220 - loadIPPluginJar : add can
2025-05-25 07:37:32,938 [INFO] IPUIPlugin:80 - create IPUIPlugin
2025-05-25 07:37:32,939 [INFO] PluginManager:220 - loadIPPluginJar : add comp
2025-05-25 07:37:32,945 [INFO] IPUIPlugin:80 - create IPUIPlugin
2025-05-25 07:37:32,945 [INFO] PluginManager:220 - loadIPPluginJar : add cryp
2025-05-25 07:37:32,951 [INFO] IPUIPlugin:80 - create IPUIPlugin
2025-05-25 07:37:32,951 [INFO] PluginManager:220 - loadIPPluginJar : add ddr_ctrl_phy
2025-05-25 07:37:32,955 [INFO] IPUIPlugin:80 - create IPUIPlugin
2025-05-25 07:37:32,955 [INFO] PluginManager:220 - loadIPPluginJar : add dfsdm
2025-05-25 07:37:32,969 [INFO] IPUIPlugin:80 - create IPUIPlugin
2025-05-25 07:37:32,971 [INFO] PluginManager:220 - loadIPPluginJar : add dma
2025-05-25 07:37:32,978 [INFO] IPUIPlugin:80 - create IPUIPlugin
2025-05-25 07:37:32,978 [INFO] PluginManager:220 - loadIPPluginJar : add dma3
2025-05-25 07:37:32,983 [INFO] IPUIPlugin:80 - create IPUIPlugin
2025-05-25 07:37:32,983 [INFO] PluginManager:220 - loadIPPluginJar : add extmemmanager
2025-05-25 07:37:32,984 [INFO] IPUIPlugin:80 - create IPUIPlugin
2025-05-25 07:37:32,986 [INFO] PluginManager:220 - loadIPPluginJar : add fatfs
2025-05-25 07:37:32,992 [INFO] IPUIPlugin:80 - create IPUIPlugin
2025-05-25 07:37:32,992 [INFO] PluginManager:220 - loadIPPluginJar : add fmc
2025-05-25 07:37:33,005 [INFO] IPUIPlugin:80 - create IPUIPlugin
2025-05-25 07:37:33,005 [INFO] PluginManager:220 - loadIPPluginJar : add freertos
2025-05-25 07:37:33,007 [INFO] IPUIPlugin:80 - create IPUIPlugin
2025-05-25 07:37:33,007 [INFO] PluginManager:220 - loadIPPluginJar : add genericplugin
2025-05-25 07:37:33,015 [INFO] IPUIPlugin:80 - create IPUIPlugin
2025-05-25 07:37:33,015 [INFO] PluginManager:220 - loadIPPluginJar : add gfxmmu
2025-05-25 07:37:33,020 [INFO] IPUIPlugin:80 - create IPUIPlugin
2025-05-25 07:37:33,021 [INFO] PluginManager:220 - loadIPPluginJar : add gic
2025-05-25 07:37:33,032 [INFO] IPUIPlugin:80 - create IPUIPlugin
2025-05-25 07:37:33,033 [INFO] PluginManager:220 - loadIPPluginJar : add gpio
2025-05-25 07:37:33,042 [INFO] IPUIPlugin:80 - create IPUIPlugin
2025-05-25 07:37:33,043 [INFO] PluginManager:220 - loadIPPluginJar : add gtzc
2025-05-25 07:37:33,047 [INFO] IPUIPlugin:80 - create IPUIPlugin
2025-05-25 07:37:33,048 [INFO] PluginManager:220 - loadIPPluginJar : add hash
2025-05-25 07:37:33,051 [INFO] IPUIPlugin:80 - create IPUIPlugin
2025-05-25 07:37:33,052 [INFO] PluginManager:220 - loadIPPluginJar : add i2c
2025-05-25 07:37:33,057 [INFO] IPUIPlugin:80 - create IPUIPlugin
2025-05-25 07:37:33,057 [INFO] PluginManager:220 - loadIPPluginJar : add i2s
2025-05-25 07:37:33,063 [INFO] IPUIPlugin:80 - create IPUIPlugin
2025-05-25 07:37:33,064 [INFO] PluginManager:220 - loadIPPluginJar : add i3c
2025-05-25 07:37:33,072 [INFO] IPUIPlugin:80 - create IPUIPlugin
2025-05-25 07:37:33,072 [INFO] PluginManager:220 - loadIPPluginJar : add ipddr
2025-05-25 07:37:33,085 [INFO] IPUIPlugin:80 - create IPUIPlugin
2025-05-25 07:37:33,085 [INFO] PluginManager:220 - loadIPPluginJar : add linkedlist
2025-05-25 07:37:33,091 [INFO] IPUIPlugin:80 - create IPUIPlugin
2025-05-25 07:37:33,092 [INFO] PluginManager:220 - loadIPPluginJar : add lorawan
2025-05-25 07:37:33,102 [INFO] IPUIPlugin:80 - create IPUIPlugin
2025-05-25 07:37:33,105 [INFO] PluginManager:220 - loadIPPluginJar : add ltdc
2025-05-25 07:37:33,118 [INFO] IPUIPlugin:80 - create IPUIPlugin
2025-05-25 07:37:33,118 [INFO] PluginManager:220 - loadIPPluginJar : add mdma
2025-05-25 07:37:33,121 [INFO] IPUIPlugin:80 - create IPUIPlugin
2025-05-25 07:37:33,122 [INFO] PluginManager:220 - loadIPPluginJar : add nvic
2025-05-25 07:37:33,129 [INFO] IPUIPlugin:80 - create IPUIPlugin
2025-05-25 07:37:33,130 [INFO] PluginManager:220 - loadIPPluginJar : add opamp
2025-05-25 07:37:33,138 [INFO] IPUIPlugin:80 - create IPUIPlugin
2025-05-25 07:37:33,138 [INFO] PluginManager:220 - loadIPPluginJar : add openamp
2025-05-25 07:37:33,150 [INFO] IPUIPlugin:80 - create IPUIPlugin
2025-05-25 07:37:33,151 [INFO] PluginManager:220 - loadIPPluginJar : add pdm2pcm
2025-05-25 07:37:33,165 [INFO] IPUIPlugin:80 - create IPUIPlugin
2025-05-25 07:37:33,170 [INFO] PluginManager:220 - loadIPPluginJar : add plateformsettings
2025-05-25 07:37:33,173 [INFO] IPUIPlugin:80 - create IPUIPlugin
2025-05-25 07:37:33,173 [INFO] PluginManager:220 - loadIPPluginJar : add quadspi
2025-05-25 07:37:33,176 [INFO] IPUIPlugin:80 - create IPUIPlugin
2025-05-25 07:37:33,177 [INFO] PluginManager:220 - loadIPPluginJar : add radio
2025-05-25 07:37:33,183 [INFO] IPUIPlugin:80 - create IPUIPlugin
2025-05-25 07:37:33,183 [INFO] PluginManager:220 - loadIPPluginJar : add resmgrutility
2025-05-25 07:37:33,187 [INFO] IPUIPlugin:80 - create IPUIPlugin
2025-05-25 07:37:33,187 [INFO] PluginManager:220 - loadIPPluginJar : add sai
2025-05-25 07:37:33,190 [INFO] IPUIPlugin:80 - create IPUIPlugin
2025-05-25 07:37:33,191 [INFO] PluginManager:220 - loadIPPluginJar : add spi
2025-05-25 07:37:33,205 [INFO] IPUIPlugin:80 - create IPUIPlugin
2025-05-25 07:37:33,205 [INFO] PluginManager:220 - loadIPPluginJar : add stm32_wpan
2025-05-25 07:37:33,213 [INFO] IPUIPlugin:80 - create IPUIPlugin
2025-05-25 07:37:33,213 [INFO] PluginManager:220 - loadIPPluginJar : add tim
2025-05-25 07:37:33,220 [INFO] IPUIPlugin:80 - create IPUIPlugin
2025-05-25 07:37:33,220 [INFO] PluginManager:220 - loadIPPluginJar : add touchsensing
2025-05-25 07:37:33,223 [INFO] IPUIPlugin:80 - create IPUIPlugin
2025-05-25 07:37:33,223 [INFO] PluginManager:220 - loadIPPluginJar : add tracer_emb
2025-05-25 07:37:33,226 [INFO] IPUIPlugin:80 - create IPUIPlugin
2025-05-25 07:37:33,226 [INFO] PluginManager:220 - loadIPPluginJar : add ts
2025-05-25 07:37:33,233 [INFO] IPUIPlugin:80 - create IPUIPlugin
2025-05-25 07:37:33,233 [INFO] PluginManager:220 - loadIPPluginJar : add tsc
2025-05-25 07:37:33,237 [INFO] IPUIPlugin:80 - create IPUIPlugin
2025-05-25 07:37:33,237 [INFO] PluginManager:220 - loadIPPluginJar : add ucpd
2025-05-25 07:37:33,240 [INFO] IPUIPlugin:80 - create IPUIPlugin
2025-05-25 07:37:33,240 [INFO] PluginManager:220 - loadIPPluginJar : add usart
2025-05-25 07:37:33,247 [INFO] IPUIPlugin:80 - create IPUIPlugin
2025-05-25 07:37:33,247 [INFO] PluginManager:220 - loadIPPluginJar : add usbx
2025-05-25 07:37:33,458 [FATAL] Updater:351 - Updater called before beeing initialized
2025-05-25 07:37:33,527 [INFO] RulesReader:64 - Compatibility file has been processed (302 Rules)
2025-05-25 07:37:33,546 [INFO] RulesReader:64 - Compatibility file has been processed (302 Rules)
2025-05-25 07:37:33,556 [INFO] CADModel:165 - CPN selected for project level
2025-05-25 07:37:33,556 [INFO] CADModel:114 - Register for checkConnection events
2025-05-25 07:37:33,556 [FATAL] Updater:351 - Updater called before beeing initialized
2025-05-25 07:37:33,556 [ERROR] CADModel:125 - Updater not yet initialized, retry later 
2025-05-25 07:37:33,791 [FATAL] Updater:351 - Updater called before beeing initialized
2025-05-25 07:37:33,794 [INFO] CADModel:165 - CPN selected for project level
2025-05-25 07:37:33,795 [INFO] CADModel:114 - Register for checkConnection events
2025-05-25 07:37:33,795 [FATAL] Updater:351 - Updater called before beeing initialized
2025-05-25 07:37:33,795 [ERROR] CADModel:125 - Updater not yet initialized, retry later 
2025-05-25 07:37:33,804 [FATAL] Updater:351 - Updater called before beeing initialized
2025-05-25 07:37:33,979 [FATAL] Updater:351 - Updater called before beeing initialized
2025-05-25 07:37:33,985 [INFO] DbMcusAds:53 - JSON generation date=Wed May 07 06:07:55 ART 2025 (1746608875679)
2025-05-25 07:37:33,985 [FATAL] Updater:351 - Updater called before beeing initialized
2025-05-25 07:37:34,092 [WARN] DetailPanel:346 - Failed to get advertising image, set to default
2025-05-25 07:37:34,587 [FATAL] Updater:351 - Updater called before beeing initialized
2025-05-25 07:37:34,592 [FATAL] Updater:351 - Updater called before beeing initialized
2025-05-25 07:37:34,592 [FATAL] Updater:351 - Updater called before beeing initialized
2025-05-25 07:37:34,593 [WARN] DetailPanel:346 - Failed to get advertising image, set to default
2025-05-25 07:37:34,595 [FATAL] Updater:351 - Updater called before beeing initialized
2025-05-25 07:37:34,627 [INFO] ThirdPartyUpdaterWithRetryManager:70 - Updater plugin not ready yet. [2/15]
2025-05-25 07:37:34,721 [ERROR] Updater:1198 - MainUpdater not yet initialized. External WinMGr cannot be set.
2025-05-25 07:37:34,725 [INFO] Updater:1134 - Updater Version found : 6.14.1
2025-05-25 07:37:34,762 [INFO] ApplicationProperties:184 - Using Application install path: C:\ST\STM32CubeIDE_1.18.1\STM32CubeIDE\plugins\com.st.stm32cube.common.mx_6.14.1.202504091515
2025-05-25 07:37:36,450 [ERROR] LogOutputStream:75 - [STDERR_REDIRECT] May 25, 2025 7:37:36 AM java.util.prefs.WindowsPreferences <init>
2025-05-25 07:37:36,456 [ERROR] LogOutputStream:75 - [STDERR_REDIRECT] WARNING: Could not open/create prefs root node Software\JavaSoft\Prefs at root 0xffffffff80000002. Windows RegCreateKeyEx(...) returned error code 5.
2025-05-25 07:37:36,457 [ERROR] LogOutputStream:75 - [STDERR_REDIRECT] 
2025-05-25 07:37:37,639 [FATAL] Updater:351 - Updater called before beeing initialized
2025-05-25 07:37:37,641 [ERROR] IntegrityCheckThread:130 - Cannot retrieve database content from updater: error 21
2025-05-25 07:37:37,641 [INFO] ThirdParty:978 - Integrity check success = false
2025-05-25 07:37:37,642 [INFO] IntegrityCheckThread:100 - exiting critical section [integrity check]
2025-05-25 07:37:37,642 [INFO] IntegrityCheckThread:103 - End integrity checks thread
2025-05-25 07:37:37,895 [INFO] MainUpdater:2872 - connection check result : 10
2025-05-25 07:37:37,896 [INFO] MainUpdater:3566 - Updater definition file requires update
2025-05-25 07:37:37,904 [INFO] MainUpdater:289 - Updater Check For Update Now.
2025-05-25 07:37:37,905 [INFO] MicroXplorer:498 - Change Database Version : DB.6.0.141
2025-05-25 07:37:37,929 [INFO] McuFinderGlobals:63 - Set McuFinder mode to 2 (CubeIDE integrated)
2025-05-25 07:37:37,932 [INFO] UserAuth:484 - Internet connection configuration mode: 1
2025-05-25 07:37:37,982 [INFO] JxBrowserEngine:152 - Initiate JxBrowser Engine with user profile folder
2025-05-25 07:37:39,608 [INFO] ServerAccessManage:473 - Download File updaters.zip
2025-05-25 07:37:39,737 [INFO] FileExtend:242 - Unzip File : updaters.zip
2025-05-25 07:37:39,738 [INFO] FileExtend:257 - Standard Zip Deflate
2025-05-25 07:37:42,248 [INFO] ServerAccessManage:473 - Download File PacksControlFlags.xml
2025-05-25 07:37:42,375 [INFO] WebApp:169 - Instantiating new browser for Auth
2025-05-25 07:37:43,318 [INFO] ServerAccessManage:473 - Download File cubemx.pidx
2025-05-25 07:37:45,319 [INFO] WebApp:463 - Apply proxy settings
2025-05-25 07:37:45,320 [INFO] WebApp:548 - Chromium requires no authentication
2025-05-25 07:37:45,355 [INFO] WebApp:491 - Direct internet connection detected
2025-05-25 07:37:45,437 [INFO] WebApp:894 - Register for checkConnection events
2025-05-25 07:37:45,438 [INFO] WebApp:463 - Apply proxy settings
2025-05-25 07:37:45,438 [INFO] WebApp:548 - Chromium requires no authentication
2025-05-25 07:37:45,439 [INFO] WebApp:491 - Direct internet connection detected
2025-05-25 07:37:45,915 [INFO] WebApp:191 - Connection restablished
2025-05-25 07:37:46,164 [INFO] ServerAccessManage:473 - Download File STMicroelectronics.X-CUBE-ST60.pdsc
2025-05-25 07:37:46,537 [INFO] WebApp:225 - Starting web application
2025-05-25 07:37:46,539 [INFO] WebApp:593 - Web application path used C:\ST\STM32CubeIDE_1.18.1\STM32CubeIDE\plugins\com.st.stm32cube.common.mx_6.14.1.202504091515\db\plugins\mcufinder\reactClient1\index.html
2025-05-25 07:37:47,915 [INFO] UserAuth:484 - Internet connection configuration mode: 1
2025-05-25 07:37:48,772 [WARN] PackLoader:240 - Cannot read IP mode file for STMicroelectronics.X-CUBE-ST60.1.0.0
2025-05-25 07:37:48,777 [INFO] PopulateThirdPartyThread:66 - Ending populate Thread
2025-05-25 07:37:48,781 [INFO] ThirdParty:1030 - CMSIS Pack Vendor :STMicroelectronics X-CUBE-ST60 1.0.0
2025-05-25 07:37:48,781 [INFO] LoadServerUpdatesThread:375 - End of LoadServerUpdate Thread
2025-05-25 07:37:48,901 [INFO] CheckServerUpdateThread:120 - End of CheckServer Thread
